<?xml version="1.0" encoding="UTF-8"?>
<!-- Generated by org.testng.reporters.JUnitXMLReporter -->
<testsuite ignored="0" hostname="raven-Latitude-E6510" failures="0" tests="2" name="Homepage" time="0.084" errors="0" timestamp="2020-02-24T16:36:03 CET">
  <testcase classname="Accademy.HomePage" name="baseValidateHomePage" time="0.0">
    <skipped/>
  </testcase> <!-- baseValidateHomePage -->
  <testcase classname="Accademy.HomePage" name="baseValidateHomePage" time="0.0">
    <skipped/>
  </testcase> <!-- baseValidateHomePage -->
</testsuite> <!-- Homepage -->
