<?xml version="1.0" encoding="UTF-8"?>
<!-- Generated by org.testng.reporters.JUnitXMLReporter -->
<testsuite ignored="0" hostname="raven-Latitude-E6510" failures="0" tests="2" name="Validating tittle" time="0.021" errors="0" timestamp="2020-02-24T16:36:03 CET">
  <testcase classname="Accademy.ValidateTittle" name="@BeforeTest Initialize" time="0.0">
    <failure type="java.lang.NullPointerException">
      <![CDATA[java.lang.NullPointerException
at resources.Baseclass.initDriver(Baseclass.java:35)
at Accademy.ValidateTittle.Initialize(ValidateTittle.java:17)
... Removed 24 stack frames]]>
    </failure>
  </testcase> <!-- @BeforeTest Initialize -->
  <testcase classname="Accademy.ValidateTittle" name="@AfterTest teardown" time="-1.58255856335E9">
    <skipped/>
  </testcase> <!-- @AfterTest teardown -->
  <testcase classname="Accademy.ValidateTittle" name="baseValidateSecondTittle" time="0.0">
    <skipped/>
  </testcase> <!-- baseValidateSecondTittle -->
  <testcase classname="Accademy.ValidateTittle" name="baseValidateTittle" time="0.0">
    <skipped/>
  </testcase> <!-- baseValidateTittle -->
</testsuite> <!-- Validating tittle -->
