<?xml version="1.0" encoding="UTF-8"?>
<!-- Generated by org.testng.reporters.JUnitXMLReporter -->
<testsuite ignored="0" hostname="raven-Latitude-E6510" failures="0" tests="5" name="Test" time="34.963" errors="0" timestamp="2020-02-15T16:58:34 CET">
  <testcase classname="Accademy.AppTest" name="testApp" time="0.003"/>
  <testcase classname="Accademy.HomePage" name="basePageNavigation" time="12.144"/>
  <testcase classname="Accademy.HomePage" name="basePageNavigation" time="6.41"/>
  <testcase classname="Accademy.ValidateNavBar" name="basePageNavigation" time="0.064"/>
  <testcase classname="Accademy.ValidateTittle" name="basePageNavigation" time="0.066"/>
</testsuite> <!-- Test -->
