<?xml version="1.0" encoding="UTF-8"?>
<!-- Generated by org.testng.reporters.JUnitXMLReporter -->
<testsuite ignored="0" hostname="raven-Latitude-E6510" failures="0" tests="4" name="Validating tittle" time="117.689" errors="0" timestamp="2020-02-25T17:44:35 CET">
  <testcase classname="Accademy.AppTest" name="testApp" time="0.004"/>
  <testcase classname="Accademy.ValidateNavBar" name="baseAppNavbar" time="14.816"/>
  <testcase classname="Accademy.ValidateTittle" name="baseValidateSecondTittle" time="28.058"/>
  <testcase classname="Accademy.ValidateTittle" name="baseValidateTittle" time="0.218"/>
</testsuite> <!-- Validating tittle -->
