<?xml version="1.0" encoding="UTF-8"?>
<testng-results ignored="0" total="1" passed="1" failed="0" skipped="0">
  <reporter-output>
  </reporter-output>
  <suite started-at="2020-03-06T17:24:57 CET" name="Suite" finished-at="2020-03-06T17:25:53 CET" duration-ms="55523">
    <groups>
      <group name="cucumber">
        <method signature="AbstractTestNGCucumberTests.feature(cucumber.api.testng.CucumberFeatureWrapper)[pri:0, instance:cucumberOptions.TestRunner@79ad8b2f]" name="feature" class="cucumber.api.testng.AbstractTestNGCucumberTests"/>
      </group> <!-- cucumber -->
    </groups>
    <test started-at="2020-03-06T17:24:57 CET" name="Validation Login" finished-at="2020-03-06T17:25:53 CET" duration-ms="55523">
      <class name="cucumberOptions.TestRunner">
        <test-method is-config="true" signature="setUpClass()[pri:0, instance:cucumberOptions.TestRunner@79ad8b2f]" started-at="2020-03-06T17:24:57 CET" name="setUpClass" finished-at="2020-03-06T17:24:58 CET" duration-ms="499" status="PASS">
          <reporter-output>
          </reporter-output>
        </test-method> <!-- setUpClass -->
        <test-method signature="feature(cucumber.api.testng.CucumberFeatureWrapper)[pri:0, instance:cucumberOptions.TestRunner@79ad8b2f]" started-at="2020-03-06T17:24:58 CET" name="feature" description="Runs Cucumber Feature" data-provider="features" finished-at="2020-03-06T17:25:53 CET" duration-ms="54782" status="PASS">
          <params>
            <param index="0">
              <value>
                <![CDATA[Login into Application]]>
              </value>
            </param>
          </params>
          <reporter-output>
          </reporter-output>
        </test-method> <!-- feature -->
        <test-method is-config="true" signature="tearDownClass()[pri:0, instance:cucumberOptions.TestRunner@79ad8b2f]" started-at="2020-03-06T17:25:53 CET" name="tearDownClass" finished-at="2020-03-06T17:25:53 CET" duration-ms="9" status="PASS">
          <reporter-output>
          </reporter-output>
        </test-method> <!-- tearDownClass -->
      </class> <!-- cucumberOptions.TestRunner -->
    </test> <!-- Validation Login -->
  </suite> <!-- Suite -->
</testng-results>
